2025-05-11 22:07:11,315 - WebApp - INFO - AWS Region: eu-north-1
2025-05-11 22:07:11,316 - WebApp - INFO - SQS Content Queue: https://sqs.eu-north-1.amazonaws.com/961889141183/content-to-index
2025-05-11 22:07:11,317 - WebApp - INFO - SQS URLs Queue: https://sqs.eu-north-1.amazonaws.com/961889141183/urls-to-crawl
2025-05-11 22:07:11,317 - WebApp - INFO - S3 Bucket: cse354-indexer
2025-05-11 22:07:11,317 - WebApp - INFO - Message tag definitions:
2025-05-11 22:07:11,318 - WebApp - INFO -   CONTENT_HTML = 11
2025-05-11 22:07:11,318 - WebApp - INFO -   CONTENT_MEDIA = 12
2025-05-11 22:07:11,318 - WebApp - INFO -   CONTENT_TEXT = 10
2025-05-11 22:07:11,319 - WebApp - INFO -   HEARTBEAT = 99
2025-05-11 22:07:11,319 - WebApp - INFO -   SHUTDOWN = 999
2025-05-11 22:07:11,319 - WebApp - INFO -   STATUS_ERROR = 22
2025-05-11 22:07:11,319 - WebApp - INFO -   STATUS_SUCCESS = 20
2025-05-11 22:07:11,320 - WebApp - INFO -   STATUS_WARNING = 21
2025-05-11 22:07:11,320 - WebApp - INFO -   SYSTEM_COMMAND = 92
2025-05-11 22:07:11,320 - WebApp - INFO -   SYSTEM_CONFIG = 91
2025-05-11 22:07:11,320 - WebApp - INFO -   SYSTEM_INFO = 90
2025-05-11 22:07:11,320 - WebApp - INFO -   URL_NEW = 0
2025-05-11 22:07:11,321 - WebApp - INFO -   URL_PRIORITY = 2
2025-05-11 22:07:11,321 - WebApp - INFO -   URL_RETRY = 1
2025-05-11 22:07:11,561 - botocore.credentials - INFO - Found credentials in environment variables.
2025-05-11 22:07:11,885 - WebApp - INFO - AWS clients initialized with retry configuration
2025-05-11 22:07:11,888 - WebApp - INFO - Initialized webapp with ID: webapp-Kareem
2025-05-11 22:07:11,896 - WebApp - INFO - Starting web server on http://localhost:5000
2025-05-11 22:07:11,897 - WebApp - INFO - Found template at D:\CSE354_Web-Crawler\templates\index.html
2025-05-11 22:07:11,897 - WebApp - INFO - Refreshing URL cache
2025-05-11 22:07:15,427 - WebApp - INFO - Found URL in S3 JSON: https://e-commerce-xi-five-44.vercel.app/
2025-05-11 22:07:16,892 - WebApp - INFO - URL cache refreshed with 1 URLs
2025-05-11 22:07:16,941 - werkzeug - WARNING -  * Debugger is active!
2025-05-11 22:07:16,953 - werkzeug - INFO -  * Debugger PIN: 114-542-168
2025-05-11 22:07:19,393 - WebApp - INFO - URLs Queue: 0 visible + 0 in flight = 0 total
2025-05-11 22:07:19,393 - WebApp - INFO - Content Queue: 0 visible + 0 in flight = 0 total
2025-05-11 22:07:19,697 - werkzeug - INFO - 127.0.0.1 - - [11/May/2025 22:07:19] "GET /status HTTP/1.1" 200 -
2025-05-11 22:08:17,849 - WebApp - INFO - URLs Queue: 5 visible + 0 in flight = 5 total
2025-05-11 22:08:17,849 - WebApp - INFO - Content Queue: 0 visible + 0 in flight = 0 total
2025-05-11 22:08:19,236 - werkzeug - INFO - 127.0.0.1 - - [11/May/2025 22:08:19] "GET /status HTTP/1.1" 200 -
2025-05-11 22:08:21,692 - werkzeug - INFO -  * Detected change in 'D:\\CSE354_Web-Crawler\\crawler_node.py', reloading
