2025-05-11 22:08:35,726 - WebApp - INFO - AWS Region: eu-north-1
2025-05-11 22:08:35,726 - WebApp - INFO - SQS Content Queue: https://sqs.eu-north-1.amazonaws.com/961889141183/content-to-index
2025-05-11 22:08:35,727 - WebApp - INFO - SQS URLs Queue: https://sqs.eu-north-1.amazonaws.com/961889141183/urls-to-crawl
2025-05-11 22:08:35,727 - WebApp - INFO - S3 Bucket: cse354-indexer
2025-05-11 22:08:35,727 - WebApp - INFO - Message tag definitions:
2025-05-11 22:08:35,728 - WebApp - INFO -   CONTENT_HTML = 11
2025-05-11 22:08:35,729 - WebApp - INFO -   CONTENT_MEDIA = 12
2025-05-11 22:08:35,729 - WebApp - INFO -   CONTENT_TEXT = 10
2025-05-11 22:08:35,729 - WebApp - INFO -   HEARTBEAT = 99
2025-05-11 22:08:35,730 - WebApp - INFO -   SHUTDOWN = 999
2025-05-11 22:08:35,730 - WebApp - INFO -   STATUS_ERROR = 22
2025-05-11 22:08:35,730 - WebApp - INFO -   STATUS_SUCCESS = 20
2025-05-11 22:08:35,731 - WebApp - INFO -   STATUS_WARNING = 21
2025-05-11 22:08:35,731 - WebApp - INFO -   SYSTEM_COMMAND = 92
2025-05-11 22:08:35,731 - WebApp - INFO -   SYSTEM_CONFIG = 91
2025-05-11 22:08:35,731 - WebApp - INFO -   SYSTEM_INFO = 90
2025-05-11 22:08:35,732 - WebApp - INFO -   URL_NEW = 0
2025-05-11 22:08:35,732 - WebApp - INFO -   URL_PRIORITY = 2
2025-05-11 22:08:35,732 - WebApp - INFO -   URL_RETRY = 1
2025-05-11 22:08:35,965 - botocore.credentials - INFO - Found credentials in environment variables.
2025-05-11 22:08:36,375 - WebApp - INFO - AWS clients initialized with retry configuration
2025-05-11 22:08:36,378 - WebApp - INFO - Initialized webapp with ID: webapp-Kareem
2025-05-11 22:08:36,384 - WebApp - INFO - Starting web server on http://localhost:5000
2025-05-11 22:08:36,385 - WebApp - INFO - Found template at D:\CSE354_Web-Crawler\templates\index.html
2025-05-11 22:08:36,385 - WebApp - INFO - Refreshing URL cache
2025-05-11 22:08:40,423 - WebApp - INFO - Found URL in S3 JSON: https://e-commerce-xi-five-44.vercel.app/
