2025-05-11 22:07:04,691 - WebApp - INFO - AWS Region: eu-north-1
2025-05-11 22:07:04,692 - WebApp - INFO - SQS Content Queue: https://sqs.eu-north-1.amazonaws.com/961889141183/content-to-index
2025-05-11 22:07:04,692 - WebApp - INFO - SQS URLs Queue: https://sqs.eu-north-1.amazonaws.com/961889141183/urls-to-crawl
2025-05-11 22:07:04,692 - WebApp - INFO - S3 Bucket: cse354-indexer
2025-05-11 22:07:04,693 - WebApp - INFO - Message tag definitions:
2025-05-11 22:07:04,693 - WebApp - INFO -   CONTENT_HTML = 11
2025-05-11 22:07:04,694 - WebApp - INFO -   CONTENT_MEDIA = 12
2025-05-11 22:07:04,695 - WebApp - INFO -   CONTENT_TEXT = 10
2025-05-11 22:07:04,695 - WebApp - INFO -   HEARTBEAT = 99
2025-05-11 22:07:04,698 - WebApp - INFO -   SHUTDOWN = 999
2025-05-11 22:07:04,698 - WebApp - INFO -   STATUS_ERROR = 22
2025-05-11 22:07:04,699 - WebApp - INFO -   STATUS_SUCCESS = 20
2025-05-11 22:07:04,699 - WebApp - INFO -   STATUS_WARNING = 21
2025-05-11 22:07:04,700 - WebApp - INFO -   SYSTEM_COMMAND = 92
2025-05-11 22:07:04,700 - WebApp - INFO -   SYSTEM_CONFIG = 91
2025-05-11 22:07:04,701 - WebApp - INFO -   SYSTEM_INFO = 90
2025-05-11 22:07:04,701 - WebApp - INFO -   URL_NEW = 0
2025-05-11 22:07:04,702 - WebApp - INFO -   URL_PRIORITY = 2
2025-05-11 22:07:04,702 - WebApp - INFO -   URL_RETRY = 1
2025-05-11 22:07:05,065 - botocore.credentials - INFO - Found credentials in environment variables.
2025-05-11 22:07:05,376 - WebApp - INFO - AWS clients initialized with retry configuration
2025-05-11 22:07:05,378 - WebApp - INFO - Initialized webapp with ID: webapp-Kareem
2025-05-11 22:07:05,383 - WebApp - INFO - Starting web server on http://localhost:5000
2025-05-11 22:07:05,384 - WebApp - INFO - Found template at D:\CSE354_Web-Crawler\templates\index.html
2025-05-11 22:07:05,385 - WebApp - INFO - Refreshing URL cache
2025-05-11 22:07:08,792 - WebApp - INFO - Found URL in S3 JSON: https://e-commerce-xi-five-44.vercel.app/
2025-05-11 22:07:10,256 - WebApp - INFO - URL cache refreshed with 1 URLs
2025-05-11 22:07:10,360 - werkzeug - INFO - [31m[1mWARNING: This is a development server. Do not use it in a production deployment. Use a production WSGI server instead.[0m
 * Running on all addresses (0.0.0.0)
 * Running on http://127.0.0.1:5000
 * Running on http://192.168.1.6:5000
2025-05-11 22:07:10,361 - werkzeug - INFO - [33mPress CTRL+C to quit[0m
2025-05-11 22:07:10,366 - werkzeug - INFO -  * Restarting with stat
2025-05-11 22:08:21,934 - werkzeug - INFO -  * Restarting with stat
2025-05-11 22:08:34,716 - werkzeug - INFO -  * Restarting with stat
